<?xml version="1.0" encoding="UTF-8"?>
<!-- Generated by org.testng.reporters.JUnitReportReporter -->
<testsuite hostname="DESKTOP-FTIU28S" failures="0" tests="6" name="Test_Methods.VerifyLoginPage" time="25.443" errors="0" timestamp="2023-03-22T02:33:07 IST" skipped="0">
  <testcase classname="Test_Methods.VerifyLoginPage" name="verifyKeepMeSigninCheckbox" time="3.740"/>
  <system-out/>
  <testcase classname="Test_Methods.VerifyLoginPage" name="verifyErrorMessageOfIncorrectUserName" time="4.653"/>
  <system-out/>
  <testcase classname="Test_Methods.VerifyLoginPage" name="verifyTextPresentOnCreateAccountButton" time="2.743"/>
  <system-out/>
  <testcase classname="Test_Methods.VerifyLoginPage" name="verifyErrorMessageOfIncorrectPassword" time="5.172"/>
  <system-out/>
  <testcase classname="Test_Methods.VerifyLoginPage" name="verifyForgotPasswordLink" time="4.839"/>
  <system-out/>
  <testcase classname="Test_Methods.VerifyLoginPage" name="verifyChangeLink" time="4.296"/>
  <system-out/>
</testsuite> <!-- Test_Methods.VerifyLoginPage -->
